[2026-03-05 12:24:38] Hunter starting - Task: craigslist
[2026-03-05 12:24:38] === CRAIGSLIST SCAN ===
[2026-03-05 12:24:53] âœ
[2026-03-05 12:24:53] Hunter done.
[2026-03-05 13:00:03] Hunter starting - Task: reddit
[2026-03-05 13:00:03] === REDDIT SCAN ===
[2026-03-05 13:00:03] âš  reddit-scan.py not found, skipping
[2026-03-05 13:00:03] âœ
[2026-03-05 13:00:03] Hunter done.
[2026-03-05 15:00:02] Hunter starting - Task: facebook
[2026-03-05 15:00:02] Hunter done.
[2026-03-05 15:30:02] Hunter starting - Task: nextdoor
[2026-03-05 15:30:02] Hunter done.
[2026-03-05 16:00:02] Hunter starting - Task: craigslist
[2026-03-05 16:00:02] === CRAIGSLIST SCAN ===
[2026-03-05 16:00:07] âœ
[2026-03-05 16:00:07] Hunter done.
[2026-03-06 00:00:03] Hunter starting - Task: craigslist
[2026-03-06 00:00:03] === CRAIGSLIST SCAN ===
[2026-03-06 00:00:07] âœ
[2026-03-06 00:00:07] Hunter done.
[2026-03-06 01:00:02] Hunter starting - Task: reddit
[2026-03-06 01:00:02] === REDDIT SCAN ===
[2026-03-06 01:00:02] âš  reddit-scan.py not found, skipping
[2026-03-06 01:00:02] âœ
[2026-03-06 01:00:02] Hunter done.
[2026-03-06 13:00:02] Hunter starting - Task: reddit
[2026-03-06 13:00:02] === REDDIT SCAN ===
[2026-03-06 13:00:02] âš  reddit-scan.py not found, skipping
[2026-03-06 13:00:02] âœ
[2026-03-06 13:00:02] Hunter done.
[2026-03-06 15:00:02] Hunter starting - Task: facebook
[2026-03-06 15:00:02] Hunter done.
[2026-03-06 16:00:02] Hunter starting - Task: craigslist
[2026-03-06 16:00:02] === CRAIGSLIST SCAN ===
[2026-03-06 16:00:05] âœ
[2026-03-06 16:00:05] Hunter done.
[2026-03-07 16:30:03] Hunter starting - Task: nextdoor
[2026-03-07 16:30:03] Hunter done.
[2026-03-07 19:00:02] Hunter starting - Task: reddit
[2026-03-07 19:00:02] === REDDIT SCAN ===
[2026-03-07 19:00:02] âš  reddit-scan.py not found, skipping
[2026-03-07 19:00:03] âœ
[2026-03-07 19:00:03] Hunter done.
